Started at Sat Dec 03 12:57:35 UTC 2022
Processing automatedpipeline
Offering automatedpipeline to Project Build Discarder
Processing scripts
Offering scripts to Project Build Discarder
Processing servertoserver
Offering servertoserver to Project Build Discarder
Processing Tomcatinstallation
Offering Tomcatinstallation to Project Build Discarder
Processing tommy
Offering tommy to Project Build Discarder
Processing multibranch/master
Offering multibranch/master to Project Build Discarder
Processing multibranch/trialbranch
Offering multibranch/trialbranch to Project Build Discarder
Finished at Sat Dec 03 12:57:35 UTC 2022. 32ms
Started at Sat Dec 03 13:57:35 UTC 2022
Processing automatedpipeline
Offering automatedpipeline to Project Build Discarder
Processing scripts
Offering scripts to Project Build Discarder
Processing servertoserver
Offering servertoserver to Project Build Discarder
Processing Tomcatinstallation
Offering Tomcatinstallation to Project Build Discarder
Processing tommy
Offering tommy to Project Build Discarder
Processing multibranch/master
Offering multibranch/master to Project Build Discarder
Processing multibranch/trialbranch
Offering multibranch/trialbranch to Project Build Discarder
Finished at Sat Dec 03 13:57:35 UTC 2022. 2ms
Started at Sat Dec 03 14:57:35 UTC 2022
Processing automatedpipeline
Offering automatedpipeline to Project Build Discarder
Processing scripts
Offering scripts to Project Build Discarder
Processing servertoserver
Offering servertoserver to Project Build Discarder
Processing test
Offering test to Project Build Discarder
Processing Tomcatinstallation
Offering Tomcatinstallation to Project Build Discarder
Processing tommy
Offering tommy to Project Build Discarder
Processing multibranch/master
Offering multibranch/master to Project Build Discarder
Processing multibranch/trialbranch
Offering multibranch/trialbranch to Project Build Discarder
Finished at Sat Dec 03 14:57:35 UTC 2022. 3ms
