Started by user [8mha:////4JRX5r9Gz8DOhgZlJ7op+j9xn3PMlCOiahOiD9scqz6jAAAAmR+LCAAAAAAAAP9b85aBtbiIQTGjNKU4P08vOT+vOD8nVc83PyU1x6OyILUoJzMv2y+/JJUBAhiZGBgqihhk0NSjKDWzXb3RdlLBUSYGJk8GtpzUvPSSDB8G5tKinBIGIZ+sxLJE/ZzEvHT94JKizLx0a6BxUmjGOUNodHsLgAyeEgZe/dLi1CL9gqLErPLEHACLPBEtwgAAAA==[0mprajwal more
[Fri Dec 02 10:25:04 UTC 2022] Starting branch indexing...
 > git --version # timeout=10
 > git --version # 'git version 2.34.1'
 > git ls-remote --symref -- https://github.com/prajwal1327/hello-world-war.git # timeout=10
 > git rev-parse --resolve-git-dir /var/lib/jenkins/caches/git-f333e1ef4b1f620391521364e822c4c6/.git # timeout=10
Setting origin to https://github.com/prajwal1327/hello-world-war.git
 > git config remote.origin.url https://github.com/prajwal1327/hello-world-war.git # timeout=10
Fetching & pruning origin...
Listing remote references...
 > git config --get remote.origin.url # timeout=10
 > git --version # timeout=10
 > git --version # 'git version 2.34.1'
 > git ls-remote -h -- https://github.com/prajwal1327/hello-world-war.git # timeout=10
Fetching upstream changes from origin
 > git config --get remote.origin.url # timeout=10
 > git fetch --tags --force --progress --prune -- origin +refs/heads/*:refs/remotes/origin/* # timeout=10
Checking branches...
  Checking branch master
      ‘Jenkinsfile’ found
    Met criteria
No changes detected: master (still at 9f0e4952e43887acb5894fdb01eec7f8b2ea99c1)
  Checking branch trialbranch
      ‘Jenkinsfile’ found
    Met criteria
Scheduled build for branch: trialbranch
Processed 2 branches
[Fri Dec 02 10:25:05 UTC 2022] Finished branch indexing. Indexing took 1.6 sec
Finished: SUCCESS
